<?xml version="1.0" encoding="UTF-8"?>
<testng-results skipped="0" failed="0" ignored="0" total="1" passed="1">
  <reporter-output>
  </reporter-output>
  <suite name="Default suite" duration-ms="6023" started-at="2020-07-23T23:32:38 IST" finished-at="2020-07-23T23:32:44 IST">
    <groups>
    </groups>
    <test name="Default test" duration-ms="6023" started-at="2020-07-23T23:32:38 IST" finished-at="2020-07-23T23:32:44 IST">
      <class name="otherfeaturesinrestAssure.SessionIdUsingGetRequest">
        <test-method status="PASS" signature="changeRequest()[pri:0, instance:otherfeaturesinrestAssure.SessionIdUsingGetRequest@1c3a4799]" name="changeRequest" duration-ms="6002" started-at="2020-07-23T23:32:38 IST" finished-at="2020-07-23T23:32:44 IST">
          <reporter-output>
          </reporter-output>
        </test-method> <!-- changeRequest -->
      </class> <!-- otherfeaturesinrestAssure.SessionIdUsingGetRequest -->
    </test> <!-- Default test -->
  </suite> <!-- Default suite -->
</testng-results>
